timestamp: 2013-05-28T10:54:13.156000
CREATE TABLE auth_user(
    id INTEGER PRIMARY KEY AUTOINCREMENT,
    first_name CHAR(128),
    last_name CHAR(128),
    email CHAR(512),
    username CHAR(128),
    password CHAR(512),
    registration_key CHAR(512),
    reset_password_key CHAR(512),
    registration_id CHAR(512)
);
success!
timestamp: 2013-05-28T10:54:13.437000
CREATE TABLE auth_group(
    id INTEGER PRIMARY KEY AUTOINCREMENT,
    role CHAR(512),
    description TEXT
);
success!
timestamp: 2013-05-28T10:54:13.546000
CREATE TABLE auth_membership(
    id INTEGER PRIMARY KEY AUTOINCREMENT,
    user_id INTEGER REFERENCES auth_user (id) ON DELETE CASCADE,
    group_id INTEGER REFERENCES auth_group (id) ON DELETE CASCADE
);
success!
timestamp: 2013-05-28T10:54:13.703000
CREATE TABLE auth_permission(
    id INTEGER PRIMARY KEY AUTOINCREMENT,
    group_id INTEGER REFERENCES auth_group (id) ON DELETE CASCADE,
    name CHAR(512),
    table_name CHAR(512),
    record_id INTEGER
);
success!
timestamp: 2013-05-28T10:54:13.859000
CREATE TABLE auth_event(
    id INTEGER PRIMARY KEY AUTOINCREMENT,
    time_stamp TIMESTAMP,
    client_ip CHAR(512),
    user_id INTEGER REFERENCES auth_user (id) ON DELETE CASCADE,
    origin CHAR(512),
    description TEXT
);
success!
timestamp: 2013-05-28T10:54:13.953000
CREATE TABLE auth_cas(
    id INTEGER PRIMARY KEY AUTOINCREMENT,
    user_id INTEGER REFERENCES auth_user (id) ON DELETE CASCADE,
    created_on TIMESTAMP,
    service CHAR(512),
    ticket CHAR(512),
    renew CHAR(1)
);
success!
timestamp: 2013-05-28T10:54:14.046000
CREATE TABLE lableType(
    id INTEGER PRIMARY KEY AUTOINCREMENT,
    name CHAR(512),
    readUserGroup INTEGER,
    setUserGroup INTEGER,
    valueType CHAR(512)
);
success!
timestamp: 2013-05-28T10:54:14.140000
CREATE TABLE imageLable(
    id INTEGER PRIMARY KEY AUTOINCREMENT,
    imageId CHAR(512),
    lableId INTEGER,
    userId INTEGER,
    lableValue TEXT,
    replacedById INTEGER,
    lableComment TEXT
);
success!
timestamp: 2013-05-28T10:54:14.265000
CREATE TABLE image(
    id INTEGER PRIMARY KEY AUTOINCREMENT,
    imageId CHAR(512)
);
success!
timestamp: 2013-05-28T11:05:37.437000
CREATE TABLE labelType(
    id INTEGER PRIMARY KEY AUTOINCREMENT,
    name CHAR(512),
    readUserGroup INTEGER,
    setUserGroup INTEGER,
    valueType CHAR(512),
    info TEXT
);
success!
timestamp: 2013-05-28T11:05:37.562000
CREATE TABLE imageLabel(
    id INTEGER PRIMARY KEY AUTOINCREMENT,
    imageId CHAR(512),
    labelId INTEGER,
    userId INTEGER,
    labelValue TEXT,
    replacedById INTEGER,
    labelTimeStamp TIMESTAMP,
    labelComment TEXT
);
success!
